Thu 23 May 2024 17:46:32 INFO  
General Hyper Parameters:
gpu_id = 0
use_gpu = True
seed = 2020
state = INFO
reproducibility = True
data_path = dataset/dressipi
checkpoint_dir = saved
show_progress = True
save_dataset = False
dataset_save_path = None
save_dataloaders = False
dataloaders_save_path = None
log_wandb = False

Training Hyper Parameters:
epochs = 300
train_batch_size = 1024
learner = adam
learning_rate = 0.001
train_neg_sample_args = {'distribution': 'none', 'sample_num': 'none', 'alpha': 'none', 'dynamic': False, 'candidate_num': 0}
eval_step = 1
stopping_step = 5
clip_grad_norm = None
weight_decay = 0.0
loss_decimal_place = 4

Evaluation Hyper Parameters:
eval_args = {'split': {'LS': 'valid_and_test'}, 'order': 'TO', 'group_by': 'user', 'mode': {'valid': 'full', 'test': 'full'}}
repeatable = True
metrics = ['Recall', 'MRR']
topk = [5, 10, 20]
valid_metric = MRR@20
valid_metric_bigger = True
eval_batch_size = 512
metric_decimal_place = 4

Dataset Hyper Parameters:
field_separator = 	
seq_separator =  
USER_ID_FIELD = session_id
ITEM_ID_FIELD = item_id
RATING_FIELD = rating
TIME_FIELD = timestamp
seq_len = None
LABEL_FIELD = label
threshold = None
NEG_PREFIX = neg_
load_col = {'inter': ['session_id', 'item_id_list', 'item_id']}
unload_col = None
unused_col = None
additional_feat_suffix = None
rm_dup_inter = None
val_interval = None
filter_inter_by_user_or_item = True
user_inter_num_interval = [0,inf)
item_inter_num_interval = [0,inf)
alias_of_user_id = None
alias_of_item_id = ['item_id_list']
alias_of_entity_id = None
alias_of_relation_id = None
preload_weight = None
normalize_field = None
normalize_all = None
ITEM_LIST_LENGTH_FIELD = item_length
LIST_SUFFIX = _list
MAX_ITEM_LIST_LENGTH = 50
POSITION_FIELD = position_id
HEAD_ENTITY_ID_FIELD = head_id
TAIL_ENTITY_ID_FIELD = tail_id
RELATION_ID_FIELD = relation_id
ENTITY_ID_FIELD = entity_id
benchmark_filename = ['train', 'valid', 'test']

Other Hyper Parameters: 
worker = 0
wandb_project = recbole
shuffle = True
require_pow = False
enable_amp = False
enable_scaler = False
transform = None
numerical_features = []
discretization = None
kg_reverse_r = False
entity_kg_num_interval = [0,inf)
relation_kg_num_interval = [0,inf)
MODEL_TYPE = ModelType.SEQUENTIAL
embedding_size = 100
inner_size = 256
n_layers = 2
n_heads = 2
hidden_dropout_prob = 0.1
attn_dropout_prob = 0.1
hidden_act = gelu
layer_norm_eps = 1e-12
initializer_range = 0.02
loss_type = CE
sess_dropout = 0.1
item_dropout = 0.1
temperature = 0.07
extractor = all
aggregator = max_mean
num_interest = 50
max_repeat = 2
use_mean = True
use_entmax = True
entmax_with_mean = True
use_highway = True
beta_logit = 0.9
folder = base
MODEL_INPUT_TYPE = InputType.POINTWISE
eval_type = EvaluatorType.RANKING
single_spec = True
local_rank = 0
device = cuda
valid_neg_sample_args = {'distribution': 'uniform', 'sample_num': 'none'}
test_neg_sample_args = {'distribution': 'uniform', 'sample_num': 'none'}


Thu 23 May 2024 17:47:30 INFO  dressipi
The number of users: 4305642
Average actions of users: 1.0
The number of items: 18059
Average actions of items: 238.47360841872057
The number of inters: 4305641
The sparsity of the dataset: 99.99446259611415%
Remain Fields: ['session_id', 'item_id_list', 'item_id', 'item_length']
Thu 23 May 2024 17:48:38 INFO  [Training]: train_batch_size = [1024] train_neg_sample_args: [{'distribution': 'none', 'sample_num': 'none', 'alpha': 'none', 'dynamic': False, 'candidate_num': 0}]
Thu 23 May 2024 17:48:38 INFO  [Evaluation]: eval_batch_size = [512] eval_args: [{'split': {'LS': 'valid_and_test'}, 'order': 'TO', 'group_by': 'user', 'mode': {'valid': 'full', 'test': 'full'}}]
Thu 23 May 2024 17:48:39 INFO  MIASREC(
  (sess_dropout): Dropout(p=0.1, inplace=False)
  (item_dropout): Dropout(p=0.1, inplace=False)
  (item_embedding): Embedding(18059, 100, padding_idx=0)
  (loss_fct): CrossEntropyLoss()
  (net): TransNet(
    (position_embedding): Embedding(51, 100)
    (repeat_embedding): Embedding(3, 100, padding_idx=0)
    (trm_encoder): TransformerEncoder(
      (layer): ModuleList(
        (0-1): 2 x TransformerLayer(
          (multi_head_attention): MultiHeadAttention(
            (query): Linear(in_features=100, out_features=100, bias=True)
            (key): Linear(in_features=100, out_features=100, bias=True)
            (value): Linear(in_features=100, out_features=100, bias=True)
            (softmax): Softmax(dim=-1)
            (attn_dropout): Dropout(p=0.1, inplace=False)
            (dense): Linear(in_features=100, out_features=100, bias=True)
            (LayerNorm): LayerNorm((100,), eps=1e-12, elementwise_affine=True)
            (out_dropout): Dropout(p=0.1, inplace=False)
          )
          (feed_forward): FeedForward(
            (dense_1): Linear(in_features=100, out_features=256, bias=True)
            (dense_2): Linear(in_features=256, out_features=100, bias=True)
            (LayerNorm): LayerNorm((100,), eps=1e-12, elementwise_affine=True)
            (dropout): Dropout(p=0.1, inplace=False)
          )
        )
      )
    )
    (LayerNorm): LayerNorm((100,), eps=1e-12, elementwise_affine=True)
    (dropout): Dropout(p=0.1, inplace=False)
    (highway_fn): Linear(in_features=200, out_features=100, bias=True)
    (importance_fn): Linear(in_features=200, out_features=1, bias=True)
  )
)
Trainable parameters: 2016513
Thu 23 May 2024 17:55:31 INFO  epoch 0 training [time: 412.16s, train loss: 26297.6043]
Thu 23 May 2024 17:55:47 INFO  epoch 0 evaluating [time: 15.85s, valid_score: 0.121400]
Thu 23 May 2024 17:55:47 INFO  valid result: 
recall@5 : 0.1848    recall@10 : 0.2528    recall@20 : 0.3238    mrr@5 : 0.1074    mrr@10 : 0.1165    mrr@20 : 0.1214
Thu 23 May 2024 17:55:47 INFO  Saving current: saved/MIASREC-May-23-2024_17-48-39.pth
Thu 23 May 2024 18:02:34 INFO  epoch 1 training [time: 407.24s, train loss: 23654.0808]
Thu 23 May 2024 18:02:50 INFO  epoch 1 evaluating [time: 15.78s, valid_score: 0.126400]
Thu 23 May 2024 18:02:50 INFO  valid result: 
recall@5 : 0.1926    recall@10 : 0.2634    recall@20 : 0.3378    mrr@5 : 0.1118    mrr@10 : 0.1213    mrr@20 : 0.1264
Thu 23 May 2024 18:02:50 INFO  Saving current: saved/MIASREC-May-23-2024_17-48-39.pth
Thu 23 May 2024 18:09:42 INFO  epoch 2 training [time: 411.95s, train loss: 23219.7630]
Thu 23 May 2024 18:09:57 INFO  epoch 2 evaluating [time: 15.43s, valid_score: 0.128100]
Thu 23 May 2024 18:09:57 INFO  valid result: 
recall@5 : 0.1962    recall@10 : 0.2694    recall@20 : 0.3459    mrr@5 : 0.1131    mrr@10 : 0.1228    mrr@20 : 0.1281
Thu 23 May 2024 18:09:57 INFO  Saving current: saved/MIASREC-May-23-2024_17-48-39.pth
Thu 23 May 2024 18:16:43 INFO  epoch 3 training [time: 406.05s, train loss: 23003.2582]
Thu 23 May 2024 18:16:59 INFO  epoch 3 evaluating [time: 15.69s, valid_score: 0.128100]
Thu 23 May 2024 18:16:59 INFO  valid result: 
recall@5 : 0.1957    recall@10 : 0.269    recall@20 : 0.3462    mrr@5 : 0.113    mrr@10 : 0.1227    mrr@20 : 0.1281
Thu 23 May 2024 18:16:59 INFO  Saving current: saved/MIASREC-May-23-2024_17-48-39.pth
Thu 23 May 2024 18:23:44 INFO  epoch 4 training [time: 405.37s, train loss: 22876.4845]
Thu 23 May 2024 18:24:01 INFO  epoch 4 evaluating [time: 16.73s, valid_score: 0.128300]
Thu 23 May 2024 18:24:01 INFO  valid result: 
recall@5 : 0.196    recall@10 : 0.27    recall@20 : 0.3483    mrr@5 : 0.113    mrr@10 : 0.1229    mrr@20 : 0.1283
Thu 23 May 2024 18:24:01 INFO  Saving current: saved/MIASREC-May-23-2024_17-48-39.pth
Thu 23 May 2024 18:30:52 INFO  epoch 5 training [time: 410.92s, train loss: 22789.2781]
Thu 23 May 2024 18:31:08 INFO  epoch 5 evaluating [time: 15.73s, valid_score: 0.128600]
Thu 23 May 2024 18:31:08 INFO  valid result: 
recall@5 : 0.1974    recall@10 : 0.2715    recall@20 : 0.3506    mrr@5 : 0.1132    mrr@10 : 0.1231    mrr@20 : 0.1286
Thu 23 May 2024 18:31:08 INFO  Saving current: saved/MIASREC-May-23-2024_17-48-39.pth
Thu 23 May 2024 18:37:54 INFO  epoch 6 training [time: 405.75s, train loss: 22728.3819]
Thu 23 May 2024 18:38:09 INFO  epoch 6 evaluating [time: 15.79s, valid_score: 0.128700]
Thu 23 May 2024 18:38:09 INFO  valid result: 
recall@5 : 0.198    recall@10 : 0.2727    recall@20 : 0.3506    mrr@5 : 0.1134    mrr@10 : 0.1233    mrr@20 : 0.1287
Thu 23 May 2024 18:38:09 INFO  Saving current: saved/MIASREC-May-23-2024_17-48-39.pth
Thu 23 May 2024 18:44:55 INFO  epoch 7 training [time: 405.20s, train loss: 22679.9760]
Thu 23 May 2024 18:45:10 INFO  epoch 7 evaluating [time: 15.82s, valid_score: 0.128300]
Thu 23 May 2024 18:45:10 INFO  valid result: 
recall@5 : 0.1971    recall@10 : 0.2717    recall@20 : 0.3514    mrr@5 : 0.1129    mrr@10 : 0.1228    mrr@20 : 0.1283
Thu 23 May 2024 18:51:55 INFO  epoch 8 training [time: 404.57s, train loss: 22641.7907]
Thu 23 May 2024 18:52:11 INFO  epoch 8 evaluating [time: 15.69s, valid_score: 0.129000]
Thu 23 May 2024 18:52:11 INFO  valid result: 
recall@5 : 0.1979    recall@10 : 0.2733    recall@20 : 0.3523    mrr@5 : 0.1135    mrr@10 : 0.1236    mrr@20 : 0.129
Thu 23 May 2024 18:52:11 INFO  Saving current: saved/MIASREC-May-23-2024_17-48-39.pth
Thu 23 May 2024 18:58:55 INFO  epoch 9 training [time: 404.14s, train loss: 22608.7861]
Thu 23 May 2024 18:59:10 INFO  epoch 9 evaluating [time: 15.32s, valid_score: 0.128800]
Thu 23 May 2024 18:59:10 INFO  valid result: 
recall@5 : 0.1977    recall@10 : 0.2736    recall@20 : 0.3538    mrr@5 : 0.1131    mrr@10 : 0.1232    mrr@20 : 0.1288
Thu 23 May 2024 19:05:59 INFO  epoch 10 training [time: 409.25s, train loss: 22580.3489]
Thu 23 May 2024 19:06:15 INFO  epoch 10 evaluating [time: 15.83s, valid_score: 0.128900]
Thu 23 May 2024 19:06:15 INFO  valid result: 
recall@5 : 0.1975    recall@10 : 0.2736    recall@20 : 0.3532    mrr@5 : 0.1133    mrr@10 : 0.1234    mrr@20 : 0.1289
Thu 23 May 2024 19:13:02 INFO  epoch 11 training [time: 406.85s, train loss: 22555.2402]
Thu 23 May 2024 19:13:19 INFO  epoch 11 evaluating [time: 16.78s, valid_score: 0.128900]
Thu 23 May 2024 19:13:19 INFO  valid result: 
recall@5 : 0.1981    recall@10 : 0.2728    recall@20 : 0.3528    mrr@5 : 0.1134    mrr@10 : 0.1234    mrr@20 : 0.1289
Thu 23 May 2024 19:20:13 INFO  epoch 12 training [time: 414.19s, train loss: 22533.5908]
Thu 23 May 2024 19:20:31 INFO  epoch 12 evaluating [time: 18.07s, valid_score: 0.128900]
Thu 23 May 2024 19:20:31 INFO  valid result: 
recall@5 : 0.1982    recall@10 : 0.2738    recall@20 : 0.3532    mrr@5 : 0.1133    mrr@10 : 0.1234    mrr@20 : 0.1289
Thu 23 May 2024 19:27:23 INFO  epoch 13 training [time: 411.86s, train loss: 22514.7282]
Thu 23 May 2024 19:27:39 INFO  epoch 13 evaluating [time: 15.69s, valid_score: 0.128600]
Thu 23 May 2024 19:27:39 INFO  valid result: 
recall@5 : 0.1993    recall@10 : 0.2738    recall@20 : 0.3542    mrr@5 : 0.1131    mrr@10 : 0.1231    mrr@20 : 0.1286
Thu 23 May 2024 19:34:28 INFO  epoch 14 training [time: 409.50s, train loss: 22498.7701]
Thu 23 May 2024 19:34:44 INFO  epoch 14 evaluating [time: 15.78s, valid_score: 0.128900]
Thu 23 May 2024 19:34:44 INFO  valid result: 
recall@5 : 0.198    recall@10 : 0.2742    recall@20 : 0.3529    mrr@5 : 0.1133    mrr@10 : 0.1235    mrr@20 : 0.1289
Thu 23 May 2024 19:34:44 INFO  Finished training, best eval result in epoch 8
Thu 23 May 2024 19:34:44 INFO  Loading model structure and parameters from saved/MIASREC-May-23-2024_17-48-39.pth
Thu 23 May 2024 19:34:57 INFO  best valid : OrderedDict([('recall@5', 0.1979), ('recall@10', 0.2733), ('recall@20', 0.3523), ('mrr@5', 0.1135), ('mrr@10', 0.1236), ('mrr@20', 0.129)])
Thu 23 May 2024 19:34:57 INFO  test result: OrderedDict([('recall@5', 0.254), ('recall@10', 0.3394), ('recall@20', 0.4234), ('mrr@5', 0.1493), ('mrr@10', 0.1607), ('mrr@20', 0.1666)])
