Thu 23 May 2024 19:35:03 INFO  
General Hyper Parameters:
gpu_id = 0
use_gpu = True
seed = 2020
state = INFO
reproducibility = True
data_path = dataset/lastfm
checkpoint_dir = saved
show_progress = True
save_dataset = False
dataset_save_path = None
save_dataloaders = False
dataloaders_save_path = None
log_wandb = False

Training Hyper Parameters:
epochs = 300
train_batch_size = 1024
learner = adam
learning_rate = 0.001
train_neg_sample_args = {'distribution': 'none', 'sample_num': 'none', 'alpha': 'none', 'dynamic': False, 'candidate_num': 0}
eval_step = 1
stopping_step = 5
clip_grad_norm = None
weight_decay = 0.0
loss_decimal_place = 4

Evaluation Hyper Parameters:
eval_args = {'split': {'LS': 'valid_and_test'}, 'order': 'TO', 'group_by': 'user', 'mode': {'valid': 'full', 'test': 'full'}}
repeatable = True
metrics = ['Recall', 'MRR']
topk = [5, 10, 20]
valid_metric = MRR@20
valid_metric_bigger = True
eval_batch_size = 512
metric_decimal_place = 4

Dataset Hyper Parameters:
field_separator = 	
seq_separator =  
USER_ID_FIELD = session_id
ITEM_ID_FIELD = item_id
RATING_FIELD = rating
TIME_FIELD = timestamp
seq_len = None
LABEL_FIELD = label
threshold = None
NEG_PREFIX = neg_
load_col = {'inter': ['session_id', 'item_id_list', 'item_id']}
unload_col = None
unused_col = None
additional_feat_suffix = None
rm_dup_inter = None
val_interval = None
filter_inter_by_user_or_item = True
user_inter_num_interval = [0,inf)
item_inter_num_interval = [0,inf)
alias_of_user_id = None
alias_of_item_id = ['item_id_list']
alias_of_entity_id = None
alias_of_relation_id = None
preload_weight = None
normalize_field = None
normalize_all = None
ITEM_LIST_LENGTH_FIELD = item_length
LIST_SUFFIX = _list
MAX_ITEM_LIST_LENGTH = 50
POSITION_FIELD = position_id
HEAD_ENTITY_ID_FIELD = head_id
TAIL_ENTITY_ID_FIELD = tail_id
RELATION_ID_FIELD = relation_id
ENTITY_ID_FIELD = entity_id
benchmark_filename = ['train', 'valid', 'test']

Other Hyper Parameters: 
worker = 0
wandb_project = recbole
shuffle = True
require_pow = False
enable_amp = False
enable_scaler = False
transform = None
numerical_features = []
discretization = None
kg_reverse_r = False
entity_kg_num_interval = [0,inf)
relation_kg_num_interval = [0,inf)
MODEL_TYPE = ModelType.SEQUENTIAL
embedding_size = 100
inner_size = 256
n_layers = 2
n_heads = 2
hidden_dropout_prob = 0.1
attn_dropout_prob = 0.1
hidden_act = gelu
layer_norm_eps = 1e-12
initializer_range = 0.02
loss_type = CE
sess_dropout = 0.1
item_dropout = 0.1
temperature = 0.07
extractor = all
aggregator = max_mean
num_interest = 50
max_repeat = 2
use_mean = True
use_entmax = True
entmax_with_mean = True
use_highway = True
beta_logit = 0.9
folder = base
MODEL_INPUT_TYPE = InputType.POINTWISE
eval_type = EvaluatorType.RANKING
single_spec = True
local_rank = 0
device = cuda
valid_neg_sample_args = {'distribution': 'uniform', 'sample_num': 'none'}
test_neg_sample_args = {'distribution': 'uniform', 'sample_num': 'none'}


Thu 23 May 2024 19:35:50 INFO  lastfm
The number of users: 3510164
Average actions of users: 1.0
The number of items: 38616
Average actions of items: 90.90154085200052
The number of inters: 3510163
The sparsity of the dataset: 99.99741040057201%
Remain Fields: ['session_id', 'item_id_list', 'item_id', 'item_length']
Thu 23 May 2024 19:36:31 INFO  [Training]: train_batch_size = [1024] train_neg_sample_args: [{'distribution': 'none', 'sample_num': 'none', 'alpha': 'none', 'dynamic': False, 'candidate_num': 0}]
Thu 23 May 2024 19:36:31 INFO  [Evaluation]: eval_batch_size = [512] eval_args: [{'split': {'LS': 'valid_and_test'}, 'order': 'TO', 'group_by': 'user', 'mode': {'valid': 'full', 'test': 'full'}}]
Thu 23 May 2024 19:36:32 INFO  MIASREC(
  (sess_dropout): Dropout(p=0.1, inplace=False)
  (item_dropout): Dropout(p=0.1, inplace=False)
  (item_embedding): Embedding(38616, 100, padding_idx=0)
  (loss_fct): CrossEntropyLoss()
  (net): TransNet(
    (position_embedding): Embedding(20, 100)
    (repeat_embedding): Embedding(3, 100, padding_idx=0)
    (trm_encoder): TransformerEncoder(
      (layer): ModuleList(
        (0-1): 2 x TransformerLayer(
          (multi_head_attention): MultiHeadAttention(
            (query): Linear(in_features=100, out_features=100, bias=True)
            (key): Linear(in_features=100, out_features=100, bias=True)
            (value): Linear(in_features=100, out_features=100, bias=True)
            (softmax): Softmax(dim=-1)
            (attn_dropout): Dropout(p=0.1, inplace=False)
            (dense): Linear(in_features=100, out_features=100, bias=True)
            (LayerNorm): LayerNorm((100,), eps=1e-12, elementwise_affine=True)
            (out_dropout): Dropout(p=0.1, inplace=False)
          )
          (feed_forward): FeedForward(
            (dense_1): Linear(in_features=100, out_features=256, bias=True)
            (dense_2): Linear(in_features=256, out_features=100, bias=True)
            (LayerNorm): LayerNorm((100,), eps=1e-12, elementwise_affine=True)
            (dropout): Dropout(p=0.1, inplace=False)
          )
        )
      )
    )
    (LayerNorm): LayerNorm((100,), eps=1e-12, elementwise_affine=True)
    (dropout): Dropout(p=0.1, inplace=False)
    (highway_fn): Linear(in_features=200, out_features=100, bias=True)
    (importance_fn): Linear(in_features=200, out_features=1, bias=True)
  )
)
Trainable parameters: 4069113
Thu 23 May 2024 19:41:01 INFO  epoch 0 training [time: 269.08s, train loss: 20239.7036]
Thu 23 May 2024 19:41:20 INFO  epoch 0 evaluating [time: 18.89s, valid_score: 0.097700]
Thu 23 May 2024 19:41:20 INFO  valid result: 
recall@5 : 0.1413    recall@10 : 0.1921    recall@20 : 0.2508    mrr@5 : 0.0869    mrr@10 : 0.0937    mrr@20 : 0.0977
Thu 23 May 2024 19:41:20 INFO  Saving current: saved/MIASREC-May-23-2024_19-36-32.pth
Thu 23 May 2024 19:45:48 INFO  epoch 1 training [time: 267.98s, train loss: 18184.6483]
Thu 23 May 2024 19:46:08 INFO  epoch 1 evaluating [time: 19.90s, valid_score: 0.100900]
Thu 23 May 2024 19:46:08 INFO  valid result: 
recall@5 : 0.1462    recall@10 : 0.1997    recall@20 : 0.2642    mrr@5 : 0.0893    mrr@10 : 0.0964    mrr@20 : 0.1009
Thu 23 May 2024 19:46:08 INFO  Saving current: saved/MIASREC-May-23-2024_19-36-32.pth
Thu 23 May 2024 19:50:36 INFO  epoch 2 training [time: 267.23s, train loss: 17662.5552]
Thu 23 May 2024 19:50:55 INFO  epoch 2 evaluating [time: 19.72s, valid_score: 0.101600]
Thu 23 May 2024 19:50:55 INFO  valid result: 
recall@5 : 0.1468    recall@10 : 0.2025    recall@20 : 0.2688    mrr@5 : 0.0897    mrr@10 : 0.097    mrr@20 : 0.1016
Thu 23 May 2024 19:50:55 INFO  Saving current: saved/MIASREC-May-23-2024_19-36-32.pth
Thu 23 May 2024 19:55:22 INFO  epoch 3 training [time: 267.06s, train loss: 17406.4839]
Thu 23 May 2024 19:55:42 INFO  epoch 3 evaluating [time: 19.87s, valid_score: 0.101700]
Thu 23 May 2024 19:55:42 INFO  valid result: 
recall@5 : 0.1476    recall@10 : 0.2041    recall@20 : 0.2715    mrr@5 : 0.0896    mrr@10 : 0.097    mrr@20 : 0.1017
Thu 23 May 2024 19:55:42 INFO  Saving current: saved/MIASREC-May-23-2024_19-36-32.pth
Thu 23 May 2024 20:00:09 INFO  epoch 4 training [time: 266.71s, train loss: 17242.5645]
Thu 23 May 2024 20:00:29 INFO  epoch 4 evaluating [time: 19.64s, valid_score: 0.101700]
Thu 23 May 2024 20:00:29 INFO  valid result: 
recall@5 : 0.1474    recall@10 : 0.2051    recall@20 : 0.2729    mrr@5 : 0.0894    mrr@10 : 0.0971    mrr@20 : 0.1017
Thu 23 May 2024 20:00:29 INFO  Saving current: saved/MIASREC-May-23-2024_19-36-32.pth
Thu 23 May 2024 20:04:55 INFO  epoch 5 training [time: 266.45s, train loss: 17126.9291]
Thu 23 May 2024 20:05:15 INFO  epoch 5 evaluating [time: 19.45s, valid_score: 0.101900]
Thu 23 May 2024 20:05:15 INFO  valid result: 
recall@5 : 0.1482    recall@10 : 0.2051    recall@20 : 0.273    mrr@5 : 0.0897    mrr@10 : 0.0972    mrr@20 : 0.1019
Thu 23 May 2024 20:05:15 INFO  Saving current: saved/MIASREC-May-23-2024_19-36-32.pth
Thu 23 May 2024 20:09:41 INFO  epoch 6 training [time: 265.96s, train loss: 17040.9701]
Thu 23 May 2024 20:10:00 INFO  epoch 6 evaluating [time: 19.53s, valid_score: 0.101400]
Thu 23 May 2024 20:10:00 INFO  valid result: 
recall@5 : 0.1474    recall@10 : 0.2054    recall@20 : 0.2738    mrr@5 : 0.089    mrr@10 : 0.0967    mrr@20 : 0.1014
Thu 23 May 2024 20:14:27 INFO  epoch 7 training [time: 266.51s, train loss: 16971.3488]
Thu 23 May 2024 20:14:47 INFO  epoch 7 evaluating [time: 19.82s, valid_score: 0.101700]
Thu 23 May 2024 20:14:47 INFO  valid result: 
recall@5 : 0.1478    recall@10 : 0.2057    recall@20 : 0.2747    mrr@5 : 0.0893    mrr@10 : 0.097    mrr@20 : 0.1017
Thu 23 May 2024 20:19:09 INFO  epoch 8 training [time: 262.49s, train loss: 16914.7456]
Thu 23 May 2024 20:19:29 INFO  epoch 8 evaluating [time: 19.46s, valid_score: 0.101800]
Thu 23 May 2024 20:19:29 INFO  valid result: 
recall@5 : 0.1482    recall@10 : 0.2057    recall@20 : 0.2744    mrr@5 : 0.0895    mrr@10 : 0.0971    mrr@20 : 0.1018
Thu 23 May 2024 20:23:55 INFO  epoch 9 training [time: 266.36s, train loss: 16870.6970]
Thu 23 May 2024 20:24:14 INFO  epoch 9 evaluating [time: 18.72s, valid_score: 0.101300]
Thu 23 May 2024 20:24:14 INFO  valid result: 
recall@5 : 0.148    recall@10 : 0.2061    recall@20 : 0.2752    mrr@5 : 0.0888    mrr@10 : 0.0965    mrr@20 : 0.1013
Thu 23 May 2024 20:28:40 INFO  epoch 10 training [time: 266.53s, train loss: 16828.0372]
Thu 23 May 2024 20:29:00 INFO  epoch 10 evaluating [time: 19.55s, valid_score: 0.101700]
Thu 23 May 2024 20:29:00 INFO  valid result: 
recall@5 : 0.1483    recall@10 : 0.2057    recall@20 : 0.2749    mrr@5 : 0.0893    mrr@10 : 0.0969    mrr@20 : 0.1017
Thu 23 May 2024 20:33:26 INFO  epoch 11 training [time: 265.97s, train loss: 16794.6864]
Thu 23 May 2024 20:33:46 INFO  epoch 11 evaluating [time: 19.78s, valid_score: 0.101400]
Thu 23 May 2024 20:33:46 INFO  valid result: 
recall@5 : 0.1477    recall@10 : 0.2055    recall@20 : 0.274    mrr@5 : 0.089    mrr@10 : 0.0967    mrr@20 : 0.1014
Thu 23 May 2024 20:33:46 INFO  Finished training, best eval result in epoch 5
Thu 23 May 2024 20:33:46 INFO  Loading model structure and parameters from saved/MIASREC-May-23-2024_19-36-32.pth
Thu 23 May 2024 20:34:05 INFO  best valid : OrderedDict([('recall@5', 0.1482), ('recall@10', 0.2051), ('recall@20', 0.273), ('mrr@5', 0.0897), ('mrr@10', 0.0972), ('mrr@20', 0.1019)])
Thu 23 May 2024 20:34:05 INFO  test result: OrderedDict([('recall@5', 0.1447), ('recall@10', 0.1971), ('recall@20', 0.2592), ('mrr@5', 0.0882), ('mrr@10', 0.0952), ('mrr@20', 0.0994)])
